<?xml version="1.0" encoding="UTF-8"?>
<testsuite xmlns:xsi="http://www.w3.org/2001/XMLSchema-instance" xsi:schemaLocation="https://maven.apache.org/surefire/maven-surefire-plugin/xsd/surefire-test-report.xsd" name="com.esprit.examen.services.SecteurActiviteServiceImplTest" time="0.357" tests="3" errors="0" skipped="0" failures="0">
  <properties>
[...]
</properties>
  <testcase name="testAddStock" classname="com.esprit.examen.services.SecteurActiviteServiceImplTest" time="0.019"/>
  <testcase name="testMajVerif" classname="com.esprit.examen.services.SecteurActiviteServiceImplTest" time="0.016"/>
  <testcase name="testAddSecteurActiviteMock" classname="com.esprit.examen.services.SecteurActiviteServiceImplTest" time="0.038"/>
</testsuite>